Mon, 11 Apr 2016 17:44:16  QLiker.py[line:61] CRITICAL 正在获取登陆页面
Mon, 11 Apr 2016 17:44:16  QLiker.py[line:70] INFO [1] Get QRCode Picture Success.
Mon, 11 Apr 2016 17:46:19  QLiker.py[line:70] INFO [2] Get QRCode Picture Success.
Mon, 11 Apr 2016 17:48:21  QLiker.py[line:70] INFO [3] Get QRCode Picture Success.
Mon, 11 Apr 2016 17:50:24  QLiker.py[line:70] INFO [4] Get QRCode Picture Success.
Mon, 11 Apr 2016 17:52:25  QLiker.py[line:70] INFO [5] Get QRCode Picture Success.
Mon, 11 Apr 2016 17:54:10  QLiker.py[line:84] CRITICAL 二维码已扫描，正在登陆
Mon, 11 Apr 2016 17:54:10  QLiker.py[line:97] CRITICAL Successfully Login, Username: 你不知道的事）
Mon, 11 Apr 2016 17:54:11  QLiker.py[line:195] ERROR Fail to find any feeds
Mon, 11 Apr 2016 17:54:11  QLiker.py[line:165] INFO 已点赞http://user.qzone.qq.com/827822445/mood/6d915731ac6e0b57c9b60200
Mon, 11 Apr 2016 17:54:11  QLiker.py[line:165] INFO 已点赞http://user.qzone.qq.com/707166410/mood/ca80262a5f6e0b57adbd0000
Mon, 11 Apr 2016 17:54:11  QLiker.py[line:165] INFO 已点赞http://user.qzone.qq.com/1394654643/mood/b3bd2053206a0b5729510100
Mon, 11 Apr 2016 17:54:12  QLiker.py[line:165] INFO 已点赞http://user.qzone.qq.com/2252194883/mood/43c43d86da640b578d8a0000
Mon, 11 Apr 2016 17:54:12  QLiker.py[line:165] INFO 已点赞http://user.qzone.qq.com/707166410/mood/ca80262a27610b57a31f0d00
Mon, 11 Apr 2016 17:57:12  QLiker.py[line:165] INFO 已点赞http://user.qzone.qq.com/1042767545/mood/b95e273e553b0b572e010700
Mon, 11 Apr 2016 18:06:14  QLiker.py[line:165] INFO 已点赞http://user.qzone.qq.com/196139660/mood/8cdab00bf9760b57c0080500
Mon, 11 Apr 2016 18:06:14  QLiker.py[line:165] INFO 已点赞http://user.qzone.qq.com/196139660/mood/8cdab00be6760b57808d0d00
Mon, 11 Apr 2016 18:06:14  QLiker.py[line:165] INFO 已点赞http://user.qzone.qq.com/2240729969/mood/71d38e8571760b5768920e00
Mon, 11 Apr 2016 18:12:55  QLiker.py[line:195] ERROR <urlopen error [Errno -2] Name or service not known>
Mon, 11 Apr 2016 18:13:35  QLiker.py[line:195] ERROR <urlopen error [Errno -2] Name or service not known>
Mon, 11 Apr 2016 18:14:15  QLiker.py[line:195] ERROR <urlopen error [Errno -2] Name or service not known>
Mon, 11 Apr 2016 18:14:55  QLiker.py[line:195] ERROR <urlopen error [Errno -2] Name or service not known>
Mon, 11 Apr 2016 18:17:02  QLiker.py[line:195] ERROR <urlopen error [Errno 110] Connection timed out>
Mon, 11 Apr 2016 18:17:42  QLiker.py[line:195] ERROR <urlopen error [Errno -2] Name or service not known>
Mon, 11 Apr 2016 18:31:13  QLiker.py[line:61] CRITICAL 正在获取登陆页面
Mon, 11 Apr 2016 18:33:20  QLiker.py[line:184] CRITICAL <urlopen error [Errno 110] Connection timed out>
Mon, 11 Apr 2016 18:47:12  QLiker.py[line:61] CRITICAL 正在获取登陆页面
Mon, 11 Apr 2016 18:47:12  QLiker.py[line:184] CRITICAL HTTP Error 404: Not Found
Mon, 11 Apr 2016 18:48:06  QLiker.py[line:61] CRITICAL 正在获取登陆页面
Mon, 11 Apr 2016 18:48:06  QLiker.py[line:70] INFO [1] Get QRCode Picture Success.
Mon, 11 Apr 2016 18:48:06  QLiker.py[line:184] CRITICAL list index out of range
Mon, 11 Apr 2016 18:49:17  QLiker.py[line:61] CRITICAL 正在获取登陆页面
Mon, 11 Apr 2016 18:49:17  QLiker.py[line:70] INFO [1] Get QRCode Picture Success.
Mon, 11 Apr 2016 18:49:57  QLiker.py[line:84] CRITICAL 二维码已扫描，正在登陆
Mon, 11 Apr 2016 18:49:57  QLiker.py[line:97] CRITICAL Successfully Login, Username: 你不知道的事）
Mon, 11 Apr 2016 18:49:58  QLiker.py[line:165] INFO 已点赞http://user.qzone.qq.com/49343269/mood/25ebf002447d0b578e220200
Mon, 11 Apr 2016 18:49:58  QLiker.py[line:165] INFO 已点赞http://user.qzone.qq.com/827822445/mood/6d915731997c0b579a770100
Mon, 11 Apr 2016 18:49:58  QLiker.py[line:165] INFO 已点赞http://user.qzone.qq.com/707166410/mood/ca80262a307c0b57d7d30e00
Mon, 11 Apr 2016 18:49:58  QLiker.py[line:165] INFO 已点赞http://user.qzone.qq.com/757779904/mood/c0cd2a2d9c7b0b5767e00400
Mon, 11 Apr 2016 18:52:59  QLiker.py[line:165] INFO 已点赞http://user.qzone.qq.com/757779904/mood/c0cd2a2d5f810b570e2b0e00
Mon, 11 Apr 2016 18:55:59  QLiker.py[line:195] ERROR Fail to find any feeds
Mon, 11 Apr 2016 19:11:12  QLiker.py[line:165] INFO 已点赞http://user.qzone.qq.com/872673542/mood/06f1033446860b57f53e0f00
Mon, 11 Apr 2016 19:26:21  QLiker.py[line:165] INFO 已点赞http://user.qzone.qq.com/272060521/mood/6950371068890b57aef80600
Mon, 11 Apr 2016 19:26:21  QLiker.py[line:165] INFO 已点赞http://user.qzone.qq.com/756075608/mood/58cc102d36890b57bb6f0900
Mon, 11 Apr 2016 20:53:48  QLiker.py[line:62] CRITICAL 正在获取登陆页面
Mon, 11 Apr 2016 20:53:54  QLiker.py[line:71] INFO [1] Get QRCode Picture Success.
Mon, 11 Apr 2016 20:54:56  QLiker.py[line:85] CRITICAL 二维码已扫描，正在登陆
Mon, 11 Apr 2016 20:54:56  QLiker.py[line:98] CRITICAL Successfully Login, Username: 你不知道的事）
Mon, 11 Apr 2016 20:58:08  QLiker.py[line:199] ERROR Fail to find any feeds
Mon, 11 Apr 2016 20:58:08  QLiker.py[line:165] INFO current QQ num:570111267
Mon, 11 Apr 2016 20:58:08  QLiker.py[line:171] ERROR 'str' object has no attribute 'sqlit'
Mon, 11 Apr 2016 20:58:19  QLiker.py[line:165] INFO current QQ num:570111267
Mon, 11 Apr 2016 20:58:19  QLiker.py[line:171] ERROR 'str' object has no attribute 'sqlit'
Mon, 11 Apr 2016 20:58:29  QLiker.py[line:165] INFO current QQ num:570111267
Mon, 11 Apr 2016 20:58:29  QLiker.py[line:171] ERROR 'str' object has no attribute 'sqlit'
Mon, 11 Apr 2016 20:58:40  QLiker.py[line:165] INFO current QQ num:570111267
Mon, 11 Apr 2016 20:58:40  QLiker.py[line:171] ERROR 'str' object has no attribute 'sqlit'
Mon, 11 Apr 2016 20:59:13  QLiker.py[line:62] CRITICAL 正在获取登陆页面
Mon, 11 Apr 2016 20:59:18  QLiker.py[line:71] INFO [1] Get QRCode Picture Success.
Mon, 11 Apr 2016 20:59:42  QLiker.py[line:85] CRITICAL 二维码已扫描，正在登陆
Mon, 11 Apr 2016 20:59:42  QLiker.py[line:98] CRITICAL Successfully Login, Username: 你不知道的事）
Mon, 11 Apr 2016 20:59:42  QLiker.py[line:165] INFO current QQ num:570111267
Mon, 11 Apr 2016 20:59:43  QLiker.py[line:169] INFO 已点赞http://user.qzone.qq.com/570111267/mood/2335fb21589f0b57c7310300
Mon, 11 Apr 2016 21:00:25  QLiker.py[line:165] INFO current QQ num:497076834
Mon, 11 Apr 2016 21:00:36  QLiker.py[line:165] INFO current QQ num:497076834
Mon, 11 Apr 2016 21:00:46  QLiker.py[line:165] INFO current QQ num:497076834
Mon, 11 Apr 2016 21:00:57  QLiker.py[line:165] INFO current QQ num:497076834
Mon, 11 Apr 2016 21:01:07  QLiker.py[line:165] INFO current QQ num:497076834
Mon, 11 Apr 2016 21:01:18  QLiker.py[line:165] INFO current QQ num:497076834
Mon, 11 Apr 2016 21:01:28  QLiker.py[line:165] INFO current QQ num:497076834
Mon, 11 Apr 2016 21:01:39  QLiker.py[line:165] INFO current QQ num:497076834
Mon, 11 Apr 2016 21:01:49  QLiker.py[line:165] INFO current QQ num:497076834
Mon, 11 Apr 2016 21:02:00  QLiker.py[line:165] INFO current QQ num:497076834
Mon, 11 Apr 2016 21:02:11  QLiker.py[line:165] INFO current QQ num:497076834
Mon, 11 Apr 2016 21:02:21  QLiker.py[line:165] INFO current QQ num:497076834
Mon, 11 Apr 2016 21:02:32  QLiker.py[line:165] INFO current QQ num:497076834
Mon, 11 Apr 2016 21:02:42  QLiker.py[line:165] INFO current QQ num:497076834
Mon, 11 Apr 2016 21:02:53  QLiker.py[line:165] INFO current QQ num:497076834
Mon, 11 Apr 2016 21:03:04  QLiker.py[line:165] INFO current QQ num:497076834
Mon, 11 Apr 2016 21:03:15  QLiker.py[line:165] INFO current QQ num:497076834
Mon, 11 Apr 2016 21:03:26  QLiker.py[line:165] INFO current QQ num:497076834
Mon, 11 Apr 2016 21:03:37  QLiker.py[line:165] INFO current QQ num:497076834
Mon, 11 Apr 2016 21:03:47  QLiker.py[line:165] INFO current QQ num:497076834
Mon, 11 Apr 2016 21:03:58  QLiker.py[line:165] INFO current QQ num:497076834
Mon, 11 Apr 2016 21:04:09  QLiker.py[line:165] INFO current QQ num:497076834
Mon, 11 Apr 2016 21:04:19  QLiker.py[line:165] INFO current QQ num:497076834
Mon, 11 Apr 2016 21:04:30  QLiker.py[line:165] INFO current QQ num:497076834
Mon, 11 Apr 2016 21:04:41  QLiker.py[line:165] INFO current QQ num:497076834
Mon, 11 Apr 2016 21:04:51  QLiker.py[line:165] INFO current QQ num:497076834
Mon, 11 Apr 2016 21:05:02  QLiker.py[line:165] INFO current QQ num:497076834
Mon, 11 Apr 2016 21:05:13  QLiker.py[line:165] INFO current QQ num:497076834
Mon, 11 Apr 2016 21:05:24  QLiker.py[line:165] INFO current QQ num:497076834
Mon, 11 Apr 2016 21:05:44  QLiker.py[line:165] INFO current QQ num:497076834
Mon, 11 Apr 2016 21:05:55  QLiker.py[line:165] INFO current QQ num:497076834
Mon, 11 Apr 2016 21:06:05  QLiker.py[line:165] INFO current QQ num:497076834
Mon, 11 Apr 2016 21:06:16  QLiker.py[line:165] INFO current QQ num:497076834
Mon, 11 Apr 2016 21:06:26  QLiker.py[line:165] INFO current QQ num:497076834
Mon, 11 Apr 2016 21:06:37  QLiker.py[line:165] INFO current QQ num:497076834
Mon, 11 Apr 2016 21:06:47  QLiker.py[line:165] INFO current QQ num:497076834
Mon, 11 Apr 2016 21:06:58  QLiker.py[line:165] INFO current QQ num:497076834
Mon, 11 Apr 2016 21:07:08  QLiker.py[line:165] INFO current QQ num:497076834
Mon, 11 Apr 2016 21:07:08  QLiker.py[line:165] INFO current QQ num:348005813
Mon, 11 Apr 2016 21:07:19  QLiker.py[line:165] INFO current QQ num:348005813
Mon, 11 Apr 2016 21:07:19  QLiker.py[line:165] INFO current QQ num:497076834
Mon, 11 Apr 2016 21:07:30  QLiker.py[line:165] INFO current QQ num:348005813
Mon, 11 Apr 2016 21:07:30  QLiker.py[line:165] INFO current QQ num:497076834
Mon, 11 Apr 2016 21:07:40  QLiker.py[line:165] INFO current QQ num:348005813
Mon, 11 Apr 2016 21:07:40  QLiker.py[line:165] INFO current QQ num:497076834
Mon, 11 Apr 2016 21:07:51  QLiker.py[line:165] INFO current QQ num:348005813
Mon, 11 Apr 2016 21:07:51  QLiker.py[line:165] INFO current QQ num:497076834
Mon, 11 Apr 2016 21:08:02  QLiker.py[line:165] INFO current QQ num:348005813
Mon, 11 Apr 2016 21:08:02  QLiker.py[line:165] INFO current QQ num:497076834
Mon, 11 Apr 2016 21:08:12  QLiker.py[line:165] INFO current QQ num:348005813
Mon, 11 Apr 2016 21:08:12  QLiker.py[line:165] INFO current QQ num:497076834
Mon, 11 Apr 2016 21:08:23  QLiker.py[line:165] INFO current QQ num:348005813
Mon, 11 Apr 2016 21:08:23  QLiker.py[line:165] INFO current QQ num:497076834
Mon, 11 Apr 2016 21:08:33  QLiker.py[line:165] INFO current QQ num:348005813
Mon, 11 Apr 2016 21:08:33  QLiker.py[line:165] INFO current QQ num:497076834
Mon, 11 Apr 2016 21:08:44  QLiker.py[line:165] INFO current QQ num:348005813
Mon, 11 Apr 2016 21:08:44  QLiker.py[line:165] INFO current QQ num:497076834
Mon, 11 Apr 2016 21:08:54  QLiker.py[line:165] INFO current QQ num:348005813
Mon, 11 Apr 2016 21:08:54  QLiker.py[line:165] INFO current QQ num:497076834
Mon, 11 Apr 2016 21:09:05  QLiker.py[line:165] INFO current QQ num:348005813
Mon, 11 Apr 2016 21:09:05  QLiker.py[line:165] INFO current QQ num:497076834
Mon, 11 Apr 2016 21:09:16  QLiker.py[line:165] INFO current QQ num:348005813
Mon, 11 Apr 2016 21:09:16  QLiker.py[line:165] INFO current QQ num:497076834
Mon, 11 Apr 2016 21:09:26  QLiker.py[line:165] INFO current QQ num:348005813
Mon, 11 Apr 2016 21:09:26  QLiker.py[line:165] INFO current QQ num:497076834
Mon, 11 Apr 2016 21:09:37  QLiker.py[line:165] INFO current QQ num:348005813
Mon, 11 Apr 2016 21:09:37  QLiker.py[line:165] INFO current QQ num:497076834
Mon, 11 Apr 2016 21:09:48  QLiker.py[line:165] INFO current QQ num:348005813
Mon, 11 Apr 2016 21:09:48  QLiker.py[line:165] INFO current QQ num:497076834
Mon, 11 Apr 2016 21:09:58  QLiker.py[line:165] INFO current QQ num:348005813
Mon, 11 Apr 2016 21:09:58  QLiker.py[line:165] INFO current QQ num:497076834
Mon, 11 Apr 2016 21:10:09  QLiker.py[line:165] INFO current QQ num:348005813
Mon, 11 Apr 2016 21:10:09  QLiker.py[line:165] INFO current QQ num:497076834
Mon, 11 Apr 2016 21:10:19  QLiker.py[line:165] INFO current QQ num:348005813
Mon, 11 Apr 2016 21:10:19  QLiker.py[line:165] INFO current QQ num:497076834
Mon, 11 Apr 2016 21:10:30  QLiker.py[line:165] INFO current QQ num:348005813
Mon, 11 Apr 2016 21:10:30  QLiker.py[line:165] INFO current QQ num:497076834
Mon, 11 Apr 2016 21:10:51  QLiker.py[line:165] INFO current QQ num:348005813
Mon, 11 Apr 2016 21:10:51  QLiker.py[line:165] INFO current QQ num:497076834
Mon, 11 Apr 2016 21:11:01  QLiker.py[line:165] INFO current QQ num:348005813
Mon, 11 Apr 2016 21:11:01  QLiker.py[line:165] INFO current QQ num:497076834
Mon, 11 Apr 2016 21:11:12  QLiker.py[line:165] INFO current QQ num:348005813
Mon, 11 Apr 2016 21:11:12  QLiker.py[line:165] INFO current QQ num:497076834
Mon, 11 Apr 2016 21:11:22  QLiker.py[line:165] INFO current QQ num:348005813
Mon, 11 Apr 2016 21:11:22  QLiker.py[line:165] INFO current QQ num:497076834
Mon, 11 Apr 2016 21:11:33  QLiker.py[line:165] INFO current QQ num:348005813
Mon, 11 Apr 2016 21:11:33  QLiker.py[line:165] INFO current QQ num:497076834
Mon, 11 Apr 2016 21:11:43  QLiker.py[line:165] INFO current QQ num:348005813
Mon, 11 Apr 2016 21:11:43  QLiker.py[line:165] INFO current QQ num:497076834
Mon, 11 Apr 2016 21:11:54  QLiker.py[line:165] INFO current QQ num:348005813
Mon, 11 Apr 2016 21:11:54  QLiker.py[line:165] INFO current QQ num:497076834
Mon, 11 Apr 2016 21:12:04  QLiker.py[line:165] INFO current QQ num:348005813
Mon, 11 Apr 2016 21:12:04  QLiker.py[line:165] INFO current QQ num:497076834
Mon, 11 Apr 2016 21:12:15  QLiker.py[line:165] INFO current QQ num:348005813
Mon, 11 Apr 2016 21:12:15  QLiker.py[line:165] INFO current QQ num:497076834
Mon, 11 Apr 2016 21:12:26  QLiker.py[line:165] INFO current QQ num:348005813
Mon, 11 Apr 2016 21:12:26  QLiker.py[line:165] INFO current QQ num:497076834
Mon, 11 Apr 2016 21:12:36  QLiker.py[line:165] INFO current QQ num:348005813
Mon, 11 Apr 2016 21:12:36  QLiker.py[line:165] INFO current QQ num:497076834
Mon, 11 Apr 2016 21:12:47  QLiker.py[line:165] INFO current QQ num:348005813
Mon, 11 Apr 2016 21:12:47  QLiker.py[line:165] INFO current QQ num:497076834
Mon, 11 Apr 2016 21:12:57  QLiker.py[line:165] INFO current QQ num:348005813
Mon, 11 Apr 2016 21:12:57  QLiker.py[line:165] INFO current QQ num:497076834
Mon, 11 Apr 2016 21:13:08  QLiker.py[line:165] INFO current QQ num:348005813
Mon, 11 Apr 2016 21:13:08  QLiker.py[line:165] INFO current QQ num:497076834
Mon, 11 Apr 2016 21:13:19  QLiker.py[line:165] INFO current QQ num:348005813
Mon, 11 Apr 2016 21:13:19  QLiker.py[line:165] INFO current QQ num:497076834
Mon, 11 Apr 2016 21:13:30  QLiker.py[line:165] INFO current QQ num:348005813
Mon, 11 Apr 2016 21:13:30  QLiker.py[line:165] INFO current QQ num:497076834
Mon, 11 Apr 2016 21:13:40  QLiker.py[line:165] INFO current QQ num:348005813
Mon, 11 Apr 2016 21:13:40  QLiker.py[line:165] INFO current QQ num:497076834
Mon, 11 Apr 2016 21:13:51  QLiker.py[line:165] INFO current QQ num:348005813
Mon, 11 Apr 2016 21:13:51  QLiker.py[line:165] INFO current QQ num:497076834
Mon, 11 Apr 2016 21:14:02  QLiker.py[line:165] INFO current QQ num:348005813
Mon, 11 Apr 2016 21:14:02  QLiker.py[line:165] INFO current QQ num:497076834
Mon, 11 Apr 2016 21:14:12  QLiker.py[line:165] INFO current QQ num:348005813
Mon, 11 Apr 2016 21:14:12  QLiker.py[line:165] INFO current QQ num:497076834
Mon, 11 Apr 2016 21:14:23  QLiker.py[line:165] INFO current QQ num:348005813
Mon, 11 Apr 2016 21:14:23  QLiker.py[line:165] INFO current QQ num:497076834
Mon, 11 Apr 2016 21:14:33  QLiker.py[line:165] INFO current QQ num:348005813
Mon, 11 Apr 2016 21:14:33  QLiker.py[line:165] INFO current QQ num:497076834
Mon, 11 Apr 2016 21:14:44  QLiker.py[line:165] INFO current QQ num:348005813
Mon, 11 Apr 2016 21:14:44  QLiker.py[line:165] INFO current QQ num:497076834
Mon, 11 Apr 2016 21:14:54  QLiker.py[line:165] INFO current QQ num:348005813
Mon, 11 Apr 2016 21:14:54  QLiker.py[line:165] INFO current QQ num:497076834
Mon, 11 Apr 2016 21:15:05  QLiker.py[line:165] INFO current QQ num:348005813
Mon, 11 Apr 2016 21:15:05  QLiker.py[line:165] INFO current QQ num:497076834
Mon, 11 Apr 2016 21:15:15  QLiker.py[line:165] INFO current QQ num:348005813
Mon, 11 Apr 2016 21:15:15  QLiker.py[line:165] INFO current QQ num:497076834
Mon, 11 Apr 2016 21:15:26  QLiker.py[line:165] INFO current QQ num:348005813
Mon, 11 Apr 2016 21:15:26  QLiker.py[line:165] INFO current QQ num:497076834
Mon, 11 Apr 2016 21:15:46  QLiker.py[line:165] INFO current QQ num:348005813
Mon, 11 Apr 2016 21:15:46  QLiker.py[line:165] INFO current QQ num:497076834
Mon, 11 Apr 2016 21:15:57  QLiker.py[line:165] INFO current QQ num:348005813
Mon, 11 Apr 2016 21:15:57  QLiker.py[line:165] INFO current QQ num:497076834
Mon, 11 Apr 2016 21:16:08  QLiker.py[line:165] INFO current QQ num:348005813
Mon, 11 Apr 2016 21:16:08  QLiker.py[line:165] INFO current QQ num:497076834
Mon, 11 Apr 2016 21:16:18  QLiker.py[line:165] INFO current QQ num:348005813
Mon, 11 Apr 2016 21:16:18  QLiker.py[line:165] INFO current QQ num:497076834
Mon, 11 Apr 2016 21:16:28  QLiker.py[line:165] INFO current QQ num:348005813
Mon, 11 Apr 2016 21:16:28  QLiker.py[line:165] INFO current QQ num:497076834
Mon, 11 Apr 2016 21:16:39  QLiker.py[line:165] INFO current QQ num:348005813
Mon, 11 Apr 2016 21:16:39  QLiker.py[line:165] INFO current QQ num:497076834
Mon, 11 Apr 2016 21:16:51  QLiker.py[line:165] INFO current QQ num:348005813
Mon, 11 Apr 2016 21:16:51  QLiker.py[line:165] INFO current QQ num:497076834
Mon, 11 Apr 2016 21:17:02  QLiker.py[line:165] INFO current QQ num:348005813
Mon, 11 Apr 2016 21:17:02  QLiker.py[line:165] INFO current QQ num:497076834
Mon, 11 Apr 2016 21:17:12  QLiker.py[line:165] INFO current QQ num:348005813
Mon, 11 Apr 2016 21:17:12  QLiker.py[line:165] INFO current QQ num:497076834
Mon, 11 Apr 2016 21:17:23  QLiker.py[line:165] INFO current QQ num:348005813
Mon, 11 Apr 2016 21:17:23  QLiker.py[line:165] INFO current QQ num:497076834
Mon, 11 Apr 2016 21:17:33  QLiker.py[line:165] INFO current QQ num:348005813
Mon, 11 Apr 2016 21:17:33  QLiker.py[line:165] INFO current QQ num:497076834
Mon, 11 Apr 2016 21:17:44  QLiker.py[line:165] INFO current QQ num:348005813
Mon, 11 Apr 2016 21:17:44  QLiker.py[line:165] INFO current QQ num:497076834
Mon, 11 Apr 2016 21:17:55  QLiker.py[line:165] INFO current QQ num:348005813
Mon, 11 Apr 2016 21:17:55  QLiker.py[line:165] INFO current QQ num:497076834
Mon, 11 Apr 2016 21:18:05  QLiker.py[line:165] INFO current QQ num:348005813
Mon, 11 Apr 2016 21:18:05  QLiker.py[line:165] INFO current QQ num:497076834
Mon, 11 Apr 2016 21:18:16  QLiker.py[line:165] INFO current QQ num:348005813
Mon, 11 Apr 2016 21:18:16  QLiker.py[line:165] INFO current QQ num:497076834
Mon, 11 Apr 2016 21:18:27  QLiker.py[line:165] INFO current QQ num:348005813
Mon, 11 Apr 2016 21:18:27  QLiker.py[line:165] INFO current QQ num:497076834
Mon, 11 Apr 2016 21:18:37  QLiker.py[line:165] INFO current QQ num:348005813
Mon, 11 Apr 2016 21:18:37  QLiker.py[line:165] INFO current QQ num:497076834
Mon, 11 Apr 2016 21:18:48  QLiker.py[line:165] INFO current QQ num:348005813
Mon, 11 Apr 2016 21:18:48  QLiker.py[line:165] INFO current QQ num:497076834
Mon, 11 Apr 2016 21:18:58  QLiker.py[line:165] INFO current QQ num:348005813
Mon, 11 Apr 2016 21:18:58  QLiker.py[line:165] INFO current QQ num:497076834
Mon, 11 Apr 2016 21:19:14  QLiker.py[line:165] INFO current QQ num:348005813
Mon, 11 Apr 2016 21:19:14  QLiker.py[line:165] INFO current QQ num:497076834
Mon, 11 Apr 2016 21:19:28  QLiker.py[line:165] INFO current QQ num:348005813
Mon, 11 Apr 2016 21:19:28  QLiker.py[line:165] INFO current QQ num:497076834
Mon, 11 Apr 2016 21:19:39  QLiker.py[line:165] INFO current QQ num:348005813
Mon, 11 Apr 2016 21:19:39  QLiker.py[line:165] INFO current QQ num:497076834
Mon, 11 Apr 2016 21:19:50  QLiker.py[line:165] INFO current QQ num:348005813
Mon, 11 Apr 2016 21:19:50  QLiker.py[line:165] INFO current QQ num:497076834
Mon, 11 Apr 2016 21:20:00  QLiker.py[line:165] INFO current QQ num:348005813
Mon, 11 Apr 2016 21:20:00  QLiker.py[line:165] INFO current QQ num:497076834
Mon, 11 Apr 2016 21:20:11  QLiker.py[line:165] INFO current QQ num:348005813
Mon, 11 Apr 2016 21:20:11  QLiker.py[line:165] INFO current QQ num:497076834
Mon, 11 Apr 2016 21:20:22  QLiker.py[line:165] INFO current QQ num:348005813
Mon, 11 Apr 2016 21:20:22  QLiker.py[line:165] INFO current QQ num:497076834
Mon, 11 Apr 2016 21:20:32  QLiker.py[line:165] INFO current QQ num:348005813
Mon, 11 Apr 2016 21:20:32  QLiker.py[line:165] INFO current QQ num:497076834
Mon, 11 Apr 2016 21:20:43  QLiker.py[line:165] INFO current QQ num:348005813
Mon, 11 Apr 2016 21:20:43  QLiker.py[line:165] INFO current QQ num:497076834
Mon, 11 Apr 2016 21:20:53  QLiker.py[line:165] INFO current QQ num:348005813
Mon, 11 Apr 2016 21:20:53  QLiker.py[line:165] INFO current QQ num:497076834
Mon, 11 Apr 2016 21:21:04  QLiker.py[line:165] INFO current QQ num:348005813
Mon, 11 Apr 2016 21:21:04  QLiker.py[line:165] INFO current QQ num:497076834
Mon, 11 Apr 2016 21:21:14  QLiker.py[line:165] INFO current QQ num:348005813
Mon, 11 Apr 2016 21:21:14  QLiker.py[line:165] INFO current QQ num:497076834
Mon, 11 Apr 2016 21:21:24  QLiker.py[line:165] INFO current QQ num:348005813
Mon, 11 Apr 2016 21:21:24  QLiker.py[line:165] INFO current QQ num:497076834
Mon, 11 Apr 2016 21:21:35  QLiker.py[line:165] INFO current QQ num:348005813
Mon, 11 Apr 2016 21:21:35  QLiker.py[line:165] INFO current QQ num:497076834
Mon, 11 Apr 2016 21:21:45  QLiker.py[line:165] INFO current QQ num:348005813
Mon, 11 Apr 2016 21:21:45  QLiker.py[line:165] INFO current QQ num:497076834
Mon, 11 Apr 2016 21:21:56  QLiker.py[line:165] INFO current QQ num:348005813
Mon, 11 Apr 2016 21:21:56  QLiker.py[line:165] INFO current QQ num:497076834
Mon, 11 Apr 2016 21:22:06  QLiker.py[line:165] INFO current QQ num:348005813
Mon, 11 Apr 2016 21:22:06  QLiker.py[line:165] INFO current QQ num:497076834
Mon, 11 Apr 2016 21:22:17  QLiker.py[line:165] INFO current QQ num:348005813
Mon, 11 Apr 2016 21:22:17  QLiker.py[line:165] INFO current QQ num:497076834
Mon, 11 Apr 2016 21:22:27  QLiker.py[line:165] INFO current QQ num:348005813
Mon, 11 Apr 2016 21:22:27  QLiker.py[line:165] INFO current QQ num:497076834
Mon, 11 Apr 2016 21:22:38  QLiker.py[line:165] INFO current QQ num:760824328
Mon, 11 Apr 2016 21:22:38  QLiker.py[line:165] INFO current QQ num:348005813
Mon, 11 Apr 2016 21:22:38  QLiker.py[line:165] INFO current QQ num:497076834
Mon, 11 Apr 2016 21:22:51  QLiker.py[line:165] INFO current QQ num:760824328
Mon, 11 Apr 2016 21:22:51  QLiker.py[line:165] INFO current QQ num:348005813
Mon, 11 Apr 2016 21:22:51  QLiker.py[line:165] INFO current QQ num:497076834
Mon, 11 Apr 2016 21:23:01  QLiker.py[line:165] INFO current QQ num:760824328
Mon, 11 Apr 2016 21:23:01  QLiker.py[line:165] INFO current QQ num:348005813
Mon, 11 Apr 2016 21:23:01  QLiker.py[line:165] INFO current QQ num:497076834
Mon, 11 Apr 2016 21:23:12  QLiker.py[line:165] INFO current QQ num:760824328
Mon, 11 Apr 2016 21:23:12  QLiker.py[line:165] INFO current QQ num:348005813
Mon, 11 Apr 2016 21:23:12  QLiker.py[line:165] INFO current QQ num:497076834
Mon, 11 Apr 2016 21:23:22  QLiker.py[line:165] INFO current QQ num:760824328
Mon, 11 Apr 2016 21:23:22  QLiker.py[line:165] INFO current QQ num:348005813
Mon, 11 Apr 2016 21:23:22  QLiker.py[line:165] INFO current QQ num:497076834
Mon, 11 Apr 2016 21:23:33  QLiker.py[line:165] INFO current QQ num:760824328
Mon, 11 Apr 2016 21:23:33  QLiker.py[line:165] INFO current QQ num:348005813
Mon, 11 Apr 2016 21:23:33  QLiker.py[line:165] INFO current QQ num:497076834
Mon, 11 Apr 2016 21:23:44  QLiker.py[line:165] INFO current QQ num:760824328
Mon, 11 Apr 2016 21:23:44  QLiker.py[line:165] INFO current QQ num:348005813
Mon, 11 Apr 2016 21:23:44  QLiker.py[line:165] INFO current QQ num:497076834
Mon, 11 Apr 2016 21:23:54  QLiker.py[line:165] INFO current QQ num:760824328
Mon, 11 Apr 2016 21:23:54  QLiker.py[line:165] INFO current QQ num:348005813
Mon, 11 Apr 2016 21:23:54  QLiker.py[line:165] INFO current QQ num:497076834
Mon, 11 Apr 2016 21:24:05  QLiker.py[line:165] INFO current QQ num:760824328
Mon, 11 Apr 2016 21:24:05  QLiker.py[line:165] INFO current QQ num:348005813
Mon, 11 Apr 2016 21:24:05  QLiker.py[line:165] INFO current QQ num:497076834
Mon, 11 Apr 2016 21:24:16  QLiker.py[line:165] INFO current QQ num:760824328
Mon, 11 Apr 2016 21:24:16  QLiker.py[line:165] INFO current QQ num:348005813
Mon, 11 Apr 2016 21:24:16  QLiker.py[line:165] INFO current QQ num:497076834
Mon, 11 Apr 2016 21:24:26  QLiker.py[line:165] INFO current QQ num:760824328
Mon, 11 Apr 2016 21:24:26  QLiker.py[line:165] INFO current QQ num:348005813
Mon, 11 Apr 2016 21:24:26  QLiker.py[line:165] INFO current QQ num:497076834
Mon, 11 Apr 2016 21:24:37  QLiker.py[line:165] INFO current QQ num:760824328
Mon, 11 Apr 2016 21:24:37  QLiker.py[line:165] INFO current QQ num:348005813
Mon, 11 Apr 2016 21:24:37  QLiker.py[line:165] INFO current QQ num:497076834
Mon, 11 Apr 2016 21:24:48  QLiker.py[line:165] INFO current QQ num:760824328
Mon, 11 Apr 2016 21:24:48  QLiker.py[line:165] INFO current QQ num:348005813
Mon, 11 Apr 2016 21:24:48  QLiker.py[line:165] INFO current QQ num:497076834
Mon, 11 Apr 2016 21:24:58  QLiker.py[line:165] INFO current QQ num:760824328
Mon, 11 Apr 2016 21:24:58  QLiker.py[line:165] INFO current QQ num:348005813
Mon, 11 Apr 2016 21:24:58  QLiker.py[line:165] INFO current QQ num:497076834
Mon, 11 Apr 2016 21:25:09  QLiker.py[line:165] INFO current QQ num:760824328
Mon, 11 Apr 2016 21:25:09  QLiker.py[line:165] INFO current QQ num:348005813
Mon, 11 Apr 2016 21:25:09  QLiker.py[line:165] INFO current QQ num:497076834
Mon, 11 Apr 2016 21:25:19  QLiker.py[line:165] INFO current QQ num:760824328
Mon, 11 Apr 2016 21:25:19  QLiker.py[line:165] INFO current QQ num:348005813
Mon, 11 Apr 2016 21:25:19  QLiker.py[line:165] INFO current QQ num:497076834
Mon, 11 Apr 2016 21:25:30  QLiker.py[line:165] INFO current QQ num:760824328
Mon, 11 Apr 2016 21:25:30  QLiker.py[line:165] INFO current QQ num:348005813
Mon, 11 Apr 2016 21:25:30  QLiker.py[line:165] INFO current QQ num:497076834
Mon, 11 Apr 2016 21:25:41  QLiker.py[line:165] INFO current QQ num:760824328
Mon, 11 Apr 2016 21:25:41  QLiker.py[line:165] INFO current QQ num:348005813
Mon, 11 Apr 2016 21:25:41  QLiker.py[line:165] INFO current QQ num:497076834
Mon, 11 Apr 2016 21:25:52  QLiker.py[line:165] INFO current QQ num:760824328
Mon, 11 Apr 2016 21:25:52  QLiker.py[line:165] INFO current QQ num:348005813
Mon, 11 Apr 2016 21:25:52  QLiker.py[line:165] INFO current QQ num:497076834
Mon, 11 Apr 2016 21:26:02  QLiker.py[line:165] INFO current QQ num:760824328
Mon, 11 Apr 2016 21:26:02  QLiker.py[line:165] INFO current QQ num:348005813
Mon, 11 Apr 2016 21:26:02  QLiker.py[line:165] INFO current QQ num:497076834
Mon, 11 Apr 2016 21:26:13  QLiker.py[line:165] INFO current QQ num:760824328
Mon, 11 Apr 2016 21:26:13  QLiker.py[line:165] INFO current QQ num:348005813
Mon, 11 Apr 2016 21:26:13  QLiker.py[line:165] INFO current QQ num:497076834
Mon, 11 Apr 2016 21:26:24  QLiker.py[line:165] INFO current QQ num:760824328
Mon, 11 Apr 2016 21:26:24  QLiker.py[line:165] INFO current QQ num:348005813
Mon, 11 Apr 2016 21:26:24  QLiker.py[line:165] INFO current QQ num:497076834
Mon, 11 Apr 2016 21:26:34  QLiker.py[line:165] INFO current QQ num:760824328
Mon, 11 Apr 2016 21:26:34  QLiker.py[line:165] INFO current QQ num:348005813
Mon, 11 Apr 2016 21:26:34  QLiker.py[line:165] INFO current QQ num:497076834
Mon, 11 Apr 2016 21:26:45  QLiker.py[line:165] INFO current QQ num:760824328
Mon, 11 Apr 2016 21:26:45  QLiker.py[line:165] INFO current QQ num:348005813
Mon, 11 Apr 2016 21:26:45  QLiker.py[line:165] INFO current QQ num:497076834
Mon, 11 Apr 2016 21:26:55  QLiker.py[line:165] INFO current QQ num:760824328
Mon, 11 Apr 2016 21:26:55  QLiker.py[line:165] INFO current QQ num:348005813
Mon, 11 Apr 2016 21:26:55  QLiker.py[line:165] INFO current QQ num:497076834
Mon, 11 Apr 2016 21:27:06  QLiker.py[line:165] INFO current QQ num:760824328
Mon, 11 Apr 2016 21:27:06  QLiker.py[line:165] INFO current QQ num:348005813
Mon, 11 Apr 2016 21:27:06  QLiker.py[line:165] INFO current QQ num:497076834
Mon, 11 Apr 2016 21:27:17  QLiker.py[line:165] INFO current QQ num:760824328
Mon, 11 Apr 2016 21:27:17  QLiker.py[line:165] INFO current QQ num:348005813
Mon, 11 Apr 2016 21:27:17  QLiker.py[line:165] INFO current QQ num:497076834
Mon, 11 Apr 2016 21:27:28  QLiker.py[line:165] INFO current QQ num:760824328
Mon, 11 Apr 2016 21:27:28  QLiker.py[line:165] INFO current QQ num:348005813
Mon, 11 Apr 2016 21:27:28  QLiker.py[line:165] INFO current QQ num:497076834
Mon, 11 Apr 2016 21:27:39  QLiker.py[line:165] INFO current QQ num:760824328
Mon, 11 Apr 2016 21:27:39  QLiker.py[line:165] INFO current QQ num:348005813
Mon, 11 Apr 2016 21:27:39  QLiker.py[line:165] INFO current QQ num:497076834
Mon, 11 Apr 2016 21:27:49  QLiker.py[line:165] INFO current QQ num:760824328
Mon, 11 Apr 2016 21:27:49  QLiker.py[line:165] INFO current QQ num:348005813
Mon, 11 Apr 2016 21:27:49  QLiker.py[line:165] INFO current QQ num:497076834
Mon, 11 Apr 2016 21:28:10  QLiker.py[line:165] INFO current QQ num:760824328
Mon, 11 Apr 2016 21:28:10  QLiker.py[line:165] INFO current QQ num:348005813
Mon, 11 Apr 2016 21:28:10  QLiker.py[line:165] INFO current QQ num:497076834
Mon, 11 Apr 2016 21:28:21  QLiker.py[line:165] INFO current QQ num:760824328
Mon, 11 Apr 2016 21:28:21  QLiker.py[line:165] INFO current QQ num:348005813
Mon, 11 Apr 2016 21:28:21  QLiker.py[line:165] INFO current QQ num:497076834
Mon, 11 Apr 2016 21:28:31  QLiker.py[line:165] INFO current QQ num:760824328
Mon, 11 Apr 2016 21:28:31  QLiker.py[line:165] INFO current QQ num:348005813
Mon, 11 Apr 2016 21:28:31  QLiker.py[line:165] INFO current QQ num:497076834
Mon, 11 Apr 2016 21:28:42  QLiker.py[line:165] INFO current QQ num:760824328
Mon, 11 Apr 2016 21:28:42  QLiker.py[line:165] INFO current QQ num:348005813
Mon, 11 Apr 2016 21:28:42  QLiker.py[line:165] INFO current QQ num:497076834
Mon, 11 Apr 2016 21:28:52  QLiker.py[line:165] INFO current QQ num:760824328
Mon, 11 Apr 2016 21:28:52  QLiker.py[line:165] INFO current QQ num:348005813
Mon, 11 Apr 2016 21:28:52  QLiker.py[line:165] INFO current QQ num:497076834
Mon, 11 Apr 2016 21:29:03  QLiker.py[line:165] INFO current QQ num:760824328
Mon, 11 Apr 2016 21:29:03  QLiker.py[line:165] INFO current QQ num:348005813
Mon, 11 Apr 2016 21:29:03  QLiker.py[line:165] INFO current QQ num:497076834
Mon, 11 Apr 2016 21:29:14  QLiker.py[line:165] INFO current QQ num:760824328
Mon, 11 Apr 2016 21:29:14  QLiker.py[line:165] INFO current QQ num:348005813
Mon, 11 Apr 2016 21:29:14  QLiker.py[line:165] INFO current QQ num:497076834
Mon, 11 Apr 2016 21:29:24  QLiker.py[line:165] INFO current QQ num:760824328
Mon, 11 Apr 2016 21:29:24  QLiker.py[line:165] INFO current QQ num:348005813
Mon, 11 Apr 2016 21:29:24  QLiker.py[line:165] INFO current QQ num:497076834
Mon, 11 Apr 2016 21:29:35  QLiker.py[line:165] INFO current QQ num:760824328
Mon, 11 Apr 2016 21:29:35  QLiker.py[line:165] INFO current QQ num:348005813
Mon, 11 Apr 2016 21:29:35  QLiker.py[line:165] INFO current QQ num:497076834
Mon, 11 Apr 2016 21:29:46  QLiker.py[line:165] INFO current QQ num:760824328
Mon, 11 Apr 2016 21:29:46  QLiker.py[line:165] INFO current QQ num:348005813
Mon, 11 Apr 2016 21:29:46  QLiker.py[line:165] INFO current QQ num:497076834
Mon, 11 Apr 2016 21:29:56  QLiker.py[line:165] INFO current QQ num:760824328
Mon, 11 Apr 2016 21:29:56  QLiker.py[line:165] INFO current QQ num:348005813
Mon, 11 Apr 2016 21:29:56  QLiker.py[line:165] INFO current QQ num:497076834
Mon, 11 Apr 2016 21:30:07  QLiker.py[line:165] INFO current QQ num:760824328
Mon, 11 Apr 2016 21:30:07  QLiker.py[line:165] INFO current QQ num:348005813
Mon, 11 Apr 2016 21:30:07  QLiker.py[line:165] INFO current QQ num:497076834
Mon, 11 Apr 2016 21:30:18  QLiker.py[line:165] INFO current QQ num:760824328
Mon, 11 Apr 2016 21:30:18  QLiker.py[line:165] INFO current QQ num:348005813
Mon, 11 Apr 2016 21:30:18  QLiker.py[line:165] INFO current QQ num:497076834
Mon, 11 Apr 2016 21:30:28  QLiker.py[line:165] INFO current QQ num:760824328
Mon, 11 Apr 2016 21:30:28  QLiker.py[line:165] INFO current QQ num:348005813
Mon, 11 Apr 2016 21:30:28  QLiker.py[line:165] INFO current QQ num:497076834
Mon, 11 Apr 2016 21:30:40  QLiker.py[line:165] INFO current QQ num:760824328
Mon, 11 Apr 2016 21:30:40  QLiker.py[line:165] INFO current QQ num:348005813
Mon, 11 Apr 2016 21:30:40  QLiker.py[line:165] INFO current QQ num:497076834
Mon, 11 Apr 2016 21:30:51  QLiker.py[line:165] INFO current QQ num:760824328
Mon, 11 Apr 2016 21:30:51  QLiker.py[line:165] INFO current QQ num:348005813
Mon, 11 Apr 2016 21:30:51  QLiker.py[line:165] INFO current QQ num:497076834
Mon, 11 Apr 2016 21:31:27  QLiker.py[line:65] CRITICAL 正在获取登陆页面
Mon, 11 Apr 2016 21:31:27  QLiker.py[line:74] INFO [1] Get QRCode Picture Success.
Mon, 11 Apr 2016 21:31:58  QLiker.py[line:88] CRITICAL 二维码已扫描，正在登陆
Mon, 11 Apr 2016 21:31:58  QLiker.py[line:101] CRITICAL Successfully Login, Username: 你不知道的事）
Mon, 11 Apr 2016 21:31:59  QLiker.py[line:168] INFO current QQ num:760824328
Mon, 11 Apr 2016 21:31:59  QLiker.py[line:168] INFO current QQ num:348005813
Mon, 11 Apr 2016 21:31:59  QLiker.py[line:168] INFO current QQ num:497076834
Mon, 11 Apr 2016 21:32:15  QLiker.py[line:168] INFO current QQ num:760824328
Mon, 11 Apr 2016 21:32:15  QLiker.py[line:168] INFO current QQ num:348005813
Mon, 11 Apr 2016 21:32:15  QLiker.py[line:168] INFO current QQ num:497076834
Mon, 11 Apr 2016 21:32:25  QLiker.py[line:168] INFO current QQ num:760824328
Mon, 11 Apr 2016 21:32:25  QLiker.py[line:168] INFO current QQ num:348005813
Mon, 11 Apr 2016 21:32:25  QLiker.py[line:168] INFO current QQ num:497076834
Mon, 11 Apr 2016 21:32:37  QLiker.py[line:168] INFO current QQ num:760824328
Mon, 11 Apr 2016 21:32:37  QLiker.py[line:168] INFO current QQ num:348005813
Mon, 11 Apr 2016 21:32:37  QLiker.py[line:168] INFO current QQ num:497076834
Mon, 11 Apr 2016 21:32:47  QLiker.py[line:168] INFO current QQ num:760824328
Mon, 11 Apr 2016 21:32:47  QLiker.py[line:168] INFO current QQ num:348005813
Mon, 11 Apr 2016 21:32:47  QLiker.py[line:168] INFO current QQ num:497076834
Mon, 11 Apr 2016 21:32:58  QLiker.py[line:168] INFO current QQ num:760824328
Mon, 11 Apr 2016 21:32:58  QLiker.py[line:168] INFO current QQ num:348005813
Mon, 11 Apr 2016 21:32:58  QLiker.py[line:168] INFO current QQ num:497076834
Mon, 11 Apr 2016 21:33:08  QLiker.py[line:168] INFO current QQ num:760824328
Mon, 11 Apr 2016 21:33:08  QLiker.py[line:168] INFO current QQ num:348005813
Mon, 11 Apr 2016 21:33:08  QLiker.py[line:168] INFO current QQ num:497076834
Mon, 11 Apr 2016 21:33:19  QLiker.py[line:168] INFO current QQ num:760824328
Mon, 11 Apr 2016 21:33:19  QLiker.py[line:168] INFO current QQ num:348005813
Mon, 11 Apr 2016 21:33:19  QLiker.py[line:168] INFO current QQ num:497076834
Mon, 11 Apr 2016 21:33:29  QLiker.py[line:168] INFO current QQ num:760824328
Mon, 11 Apr 2016 21:33:29  QLiker.py[line:168] INFO current QQ num:348005813
Mon, 11 Apr 2016 21:33:29  QLiker.py[line:168] INFO current QQ num:497076834
Mon, 11 Apr 2016 21:33:40  QLiker.py[line:168] INFO current QQ num:760824328
Mon, 11 Apr 2016 21:33:40  QLiker.py[line:168] INFO current QQ num:348005813
Mon, 11 Apr 2016 21:33:40  QLiker.py[line:168] INFO current QQ num:497076834
Mon, 11 Apr 2016 21:34:01  QLiker.py[line:168] INFO current QQ num:760824328
Mon, 11 Apr 2016 21:34:01  QLiker.py[line:168] INFO current QQ num:348005813
Mon, 11 Apr 2016 21:34:01  QLiker.py[line:168] INFO current QQ num:497076834
Mon, 11 Apr 2016 21:34:12  QLiker.py[line:168] INFO current QQ num:760824328
Mon, 11 Apr 2016 21:34:12  QLiker.py[line:168] INFO current QQ num:348005813
Mon, 11 Apr 2016 21:34:12  QLiker.py[line:168] INFO current QQ num:497076834
Mon, 11 Apr 2016 21:34:22  QLiker.py[line:168] INFO current QQ num:760824328
Mon, 11 Apr 2016 21:34:22  QLiker.py[line:168] INFO current QQ num:348005813
Mon, 11 Apr 2016 21:34:22  QLiker.py[line:168] INFO current QQ num:497076834
Mon, 11 Apr 2016 21:34:33  QLiker.py[line:168] INFO current QQ num:760824328
Mon, 11 Apr 2016 21:34:33  QLiker.py[line:168] INFO current QQ num:348005813
Mon, 11 Apr 2016 21:34:33  QLiker.py[line:168] INFO current QQ num:497076834
Mon, 11 Apr 2016 21:34:43  QLiker.py[line:168] INFO current QQ num:760824328
Mon, 11 Apr 2016 21:34:43  QLiker.py[line:168] INFO current QQ num:348005813
Mon, 11 Apr 2016 21:34:43  QLiker.py[line:168] INFO current QQ num:497076834
Mon, 11 Apr 2016 21:34:54  QLiker.py[line:168] INFO current QQ num:760824328
Mon, 11 Apr 2016 21:34:54  QLiker.py[line:168] INFO current QQ num:348005813
Mon, 11 Apr 2016 21:34:54  QLiker.py[line:168] INFO current QQ num:497076834
Mon, 11 Apr 2016 21:35:05  QLiker.py[line:168] INFO current QQ num:570111267
Mon, 11 Apr 2016 21:35:05  QLiker.py[line:172] INFO 已点赞http://user.qzone.qq.com/570111267/mood/2335fb2103a80b57310f0900
Mon, 11 Apr 2016 21:35:05  QLiker.py[line:168] INFO current QQ num:760824328
Mon, 11 Apr 2016 21:35:05  QLiker.py[line:168] INFO current QQ num:348005813
Mon, 11 Apr 2016 21:35:05  QLiker.py[line:168] INFO current QQ num:497076834
Mon, 11 Apr 2016 21:35:16  QLiker.py[line:168] INFO current QQ num:760824328
Mon, 11 Apr 2016 21:35:16  QLiker.py[line:168] INFO current QQ num:348005813
Mon, 11 Apr 2016 21:35:16  QLiker.py[line:168] INFO current QQ num:497076834
Mon, 11 Apr 2016 21:35:26  QLiker.py[line:168] INFO current QQ num:760824328
Mon, 11 Apr 2016 21:35:26  QLiker.py[line:168] INFO current QQ num:348005813
Mon, 11 Apr 2016 21:35:26  QLiker.py[line:168] INFO current QQ num:497076834
Mon, 11 Apr 2016 21:35:42  QLiker.py[line:168] INFO current QQ num:760824328
Mon, 11 Apr 2016 21:35:42  QLiker.py[line:168] INFO current QQ num:348005813
Mon, 11 Apr 2016 21:35:42  QLiker.py[line:168] INFO current QQ num:497076834
Mon, 11 Apr 2016 21:35:53  QLiker.py[line:168] INFO current QQ num:760824328
Mon, 11 Apr 2016 21:35:53  QLiker.py[line:168] INFO current QQ num:348005813
Mon, 11 Apr 2016 21:35:53  QLiker.py[line:168] INFO current QQ num:497076834
Mon, 11 Apr 2016 21:36:03  QLiker.py[line:168] INFO current QQ num:570111267
Mon, 11 Apr 2016 21:36:04  QLiker.py[line:172] INFO 已点赞http://user.qzone.qq.com/570111267/mood/2335fb2103a80b57310f0900
Mon, 11 Apr 2016 21:36:04  QLiker.py[line:168] INFO current QQ num:760824328
Mon, 11 Apr 2016 21:36:04  QLiker.py[line:168] INFO current QQ num:348005813
Mon, 11 Apr 2016 21:36:04  QLiker.py[line:168] INFO current QQ num:497076834
Mon, 11 Apr 2016 21:36:14  QLiker.py[line:168] INFO current QQ num:760824328
Mon, 11 Apr 2016 21:36:14  QLiker.py[line:168] INFO current QQ num:348005813
Mon, 11 Apr 2016 21:36:14  QLiker.py[line:168] INFO current QQ num:497076834
Mon, 11 Apr 2016 21:36:24  QLiker.py[line:168] INFO current QQ num:760824328
Mon, 11 Apr 2016 21:36:24  QLiker.py[line:168] INFO current QQ num:348005813
Mon, 11 Apr 2016 21:36:24  QLiker.py[line:168] INFO current QQ num:497076834
Mon, 11 Apr 2016 21:36:35  QLiker.py[line:168] INFO current QQ num:760824328
Mon, 11 Apr 2016 21:36:35  QLiker.py[line:168] INFO current QQ num:348005813
Mon, 11 Apr 2016 21:36:35  QLiker.py[line:168] INFO current QQ num:497076834
Mon, 11 Apr 2016 21:36:45  QLiker.py[line:168] INFO current QQ num:760824328
Mon, 11 Apr 2016 21:36:45  QLiker.py[line:168] INFO current QQ num:348005813
Mon, 11 Apr 2016 21:36:45  QLiker.py[line:168] INFO current QQ num:497076834
Mon, 11 Apr 2016 21:36:56  QLiker.py[line:168] INFO current QQ num:760824328
Mon, 11 Apr 2016 21:36:56  QLiker.py[line:168] INFO current QQ num:348005813
Mon, 11 Apr 2016 21:36:56  QLiker.py[line:168] INFO current QQ num:497076834
Mon, 11 Apr 2016 21:37:07  QLiker.py[line:168] INFO current QQ num:760824328
Mon, 11 Apr 2016 21:37:07  QLiker.py[line:168] INFO current QQ num:348005813
Mon, 11 Apr 2016 21:37:07  QLiker.py[line:168] INFO current QQ num:497076834
Mon, 11 Apr 2016 21:37:17  QLiker.py[line:168] INFO current QQ num:760824328
Mon, 11 Apr 2016 21:37:17  QLiker.py[line:168] INFO current QQ num:348005813
Mon, 11 Apr 2016 21:37:17  QLiker.py[line:168] INFO current QQ num:497076834
Mon, 11 Apr 2016 21:37:28  QLiker.py[line:168] INFO current QQ num:760824328
Mon, 11 Apr 2016 21:37:28  QLiker.py[line:168] INFO current QQ num:348005813
Mon, 11 Apr 2016 21:37:28  QLiker.py[line:168] INFO current QQ num:497076834
Mon, 11 Apr 2016 21:37:39  QLiker.py[line:168] INFO current QQ num:760824328
Mon, 11 Apr 2016 21:37:39  QLiker.py[line:168] INFO current QQ num:348005813
Mon, 11 Apr 2016 21:37:39  QLiker.py[line:168] INFO current QQ num:497076834
Mon, 11 Apr 2016 21:37:50  QLiker.py[line:168] INFO current QQ num:570111267
Mon, 11 Apr 2016 21:37:50  QLiker.py[line:172] INFO 已点赞http://user.qzone.qq.com/570111267/mood/2335fb21a7a80b57aebc0a00
Mon, 11 Apr 2016 21:37:50  QLiker.py[line:168] INFO current QQ num:760824328
Mon, 11 Apr 2016 21:37:50  QLiker.py[line:168] INFO current QQ num:348005813
Mon, 11 Apr 2016 21:37:50  QLiker.py[line:168] INFO current QQ num:497076834
Mon, 11 Apr 2016 21:38:00  QLiker.py[line:168] INFO current QQ num:760824328
Mon, 11 Apr 2016 21:38:00  QLiker.py[line:168] INFO current QQ num:348005813
Mon, 11 Apr 2016 21:38:00  QLiker.py[line:168] INFO current QQ num:497076834
Mon, 11 Apr 2016 21:38:11  QLiker.py[line:168] INFO current QQ num:760824328
Mon, 11 Apr 2016 21:38:11  QLiker.py[line:168] INFO current QQ num:348005813
Mon, 11 Apr 2016 21:38:11  QLiker.py[line:168] INFO current QQ num:497076834
Mon, 11 Apr 2016 21:38:21  QLiker.py[line:168] INFO current QQ num:760824328
Mon, 11 Apr 2016 21:38:21  QLiker.py[line:168] INFO current QQ num:348005813
Mon, 11 Apr 2016 21:38:21  QLiker.py[line:168] INFO current QQ num:497076834
Mon, 11 Apr 2016 21:38:37  QLiker.py[line:168] INFO current QQ num:760824328
Mon, 11 Apr 2016 21:38:37  QLiker.py[line:168] INFO current QQ num:348005813
Mon, 11 Apr 2016 21:38:37  QLiker.py[line:168] INFO current QQ num:497076834
Mon, 11 Apr 2016 21:38:48  QLiker.py[line:210] ERROR Fail to find any feeds
Mon, 11 Apr 2016 21:38:49  QLiker.py[line:168] INFO current QQ num:760824328
Mon, 11 Apr 2016 21:38:49  QLiker.py[line:168] INFO current QQ num:348005813
Mon, 11 Apr 2016 21:38:49  QLiker.py[line:168] INFO current QQ num:497076834
Mon, 11 Apr 2016 21:39:06  QLiker.py[line:65] CRITICAL 正在获取登陆页面
Mon, 11 Apr 2016 21:39:06  QLiker.py[line:74] INFO [1] Get QRCode Picture Success.
Mon, 11 Apr 2016 21:39:25  QLiker.py[line:88] CRITICAL 二维码已扫描，正在登陆
Mon, 11 Apr 2016 21:39:25  QLiker.py[line:101] CRITICAL Successfully Login, Username: 你不知道的事）
Mon, 11 Apr 2016 21:39:26  QLiker.py[line:168] INFO current QQ num:760824328
Mon, 11 Apr 2016 21:39:26  QLiker.py[line:168] INFO current QQ num:348005813
Mon, 11 Apr 2016 21:39:26  QLiker.py[line:168] INFO current QQ num:497076834
Mon, 11 Apr 2016 21:39:37  QLiker.py[line:168] INFO current QQ num:760824328
Mon, 11 Apr 2016 21:39:37  QLiker.py[line:168] INFO current QQ num:348005813
Mon, 11 Apr 2016 21:39:37  QLiker.py[line:168] INFO current QQ num:497076834
Mon, 11 Apr 2016 21:39:47  QLiker.py[line:168] INFO current QQ num:760824328
Mon, 11 Apr 2016 21:39:47  QLiker.py[line:168] INFO current QQ num:348005813
Mon, 11 Apr 2016 21:39:47  QLiker.py[line:168] INFO current QQ num:497076834
Mon, 11 Apr 2016 21:39:58  QLiker.py[line:168] INFO current QQ num:760824328
Mon, 11 Apr 2016 21:39:58  QLiker.py[line:168] INFO current QQ num:348005813
Mon, 11 Apr 2016 21:39:58  QLiker.py[line:168] INFO current QQ num:497076834
Mon, 11 Apr 2016 21:40:09  QLiker.py[line:168] INFO current QQ num:760824328
Mon, 11 Apr 2016 21:40:09  QLiker.py[line:168] INFO current QQ num:348005813
Mon, 11 Apr 2016 21:40:09  QLiker.py[line:168] INFO current QQ num:497076834
Mon, 11 Apr 2016 21:40:20  QLiker.py[line:168] INFO current QQ num:760824328
Mon, 11 Apr 2016 21:40:20  QLiker.py[line:168] INFO current QQ num:348005813
Mon, 11 Apr 2016 21:40:20  QLiker.py[line:168] INFO current QQ num:497076834
Mon, 11 Apr 2016 21:40:30  QLiker.py[line:168] INFO current QQ num:760824328
Mon, 11 Apr 2016 21:40:30  QLiker.py[line:168] INFO current QQ num:348005813
Mon, 11 Apr 2016 21:40:30  QLiker.py[line:168] INFO current QQ num:497076834
Mon, 11 Apr 2016 21:40:41  QLiker.py[line:168] INFO current QQ num:760824328
Mon, 11 Apr 2016 21:40:41  QLiker.py[line:168] INFO current QQ num:348005813
Mon, 11 Apr 2016 21:40:41  QLiker.py[line:168] INFO current QQ num:497076834
Mon, 11 Apr 2016 21:40:51  QLiker.py[line:168] INFO current QQ num:760824328
Mon, 11 Apr 2016 21:40:51  QLiker.py[line:168] INFO current QQ num:348005813
Mon, 11 Apr 2016 21:40:51  QLiker.py[line:168] INFO current QQ num:497076834
Mon, 11 Apr 2016 21:41:02  QLiker.py[line:168] INFO current QQ num:760824328
Mon, 11 Apr 2016 21:41:02  QLiker.py[line:168] INFO current QQ num:348005813
Mon, 11 Apr 2016 21:41:02  QLiker.py[line:168] INFO current QQ num:497076834
Mon, 11 Apr 2016 21:41:12  QLiker.py[line:206] INFO set(['476867501', '757779904'])
Mon, 11 Apr 2016 21:41:12  QLiker.py[line:168] INFO current QQ num:760824328
Mon, 11 Apr 2016 21:41:12  QLiker.py[line:168] INFO current QQ num:348005813
Mon, 11 Apr 2016 21:41:12  QLiker.py[line:168] INFO current QQ num:497076834
Mon, 11 Apr 2016 21:41:24  QLiker.py[line:168] INFO current QQ num:760824328
Mon, 11 Apr 2016 21:41:24  QLiker.py[line:168] INFO current QQ num:348005813
Mon, 11 Apr 2016 21:41:24  QLiker.py[line:168] INFO current QQ num:497076834
Mon, 11 Apr 2016 21:41:34  QLiker.py[line:168] INFO current QQ num:760824328
Mon, 11 Apr 2016 21:41:34  QLiker.py[line:168] INFO current QQ num:348005813
Mon, 11 Apr 2016 21:41:34  QLiker.py[line:168] INFO current QQ num:497076834
Mon, 11 Apr 2016 21:41:45  QLiker.py[line:168] INFO current QQ num:760824328
Mon, 11 Apr 2016 21:41:45  QLiker.py[line:168] INFO current QQ num:348005813
Mon, 11 Apr 2016 21:41:45  QLiker.py[line:168] INFO current QQ num:497076834
Mon, 11 Apr 2016 21:41:53  QLiker.py[line:65] CRITICAL 正在获取登陆页面
Mon, 11 Apr 2016 21:41:53  QLiker.py[line:74] INFO [1] Get QRCode Picture Success.
Mon, 11 Apr 2016 21:42:12  QLiker.py[line:88] CRITICAL 二维码已扫描，正在登陆
Mon, 11 Apr 2016 21:42:12  QLiker.py[line:101] CRITICAL Successfully Login, Username: 你不知道的事）
Mon, 11 Apr 2016 21:42:12  QLiker.py[line:168] INFO current QQ num:760824328
Mon, 11 Apr 2016 21:42:12  QLiker.py[line:168] INFO current QQ num:348005813
Mon, 11 Apr 2016 21:42:12  QLiker.py[line:168] INFO current QQ num:497076834
Mon, 11 Apr 2016 21:42:22  QLiker.py[line:206] INFO set(['476867501', '757779904'])
Mon, 11 Apr 2016 21:42:23  QLiker.py[line:168] INFO current QQ num:760824328
Mon, 11 Apr 2016 21:42:23  QLiker.py[line:168] INFO current QQ num:348005813
Mon, 11 Apr 2016 21:42:23  QLiker.py[line:168] INFO current QQ num:497076834
Mon, 11 Apr 2016 21:42:33  QLiker.py[line:206] INFO set(['476867501', '757779904'])
Mon, 11 Apr 2016 21:42:33  QLiker.py[line:168] INFO current QQ num:760824328
Mon, 11 Apr 2016 21:42:33  QLiker.py[line:168] INFO current QQ num:348005813
Mon, 11 Apr 2016 21:42:33  QLiker.py[line:168] INFO current QQ num:497076834
Mon, 11 Apr 2016 21:42:43  QLiker.py[line:206] INFO set(['476867501', '757779904'])
Mon, 11 Apr 2016 21:42:44  QLiker.py[line:168] INFO current QQ num:757779904
Mon, 11 Apr 2016 21:42:44  QLiker.py[line:172] INFO 已点赞http://user.qzone.qq.com/757779904/mood/c0cd2a2dcaa90b5730270100
Mon, 11 Apr 2016 21:42:44  QLiker.py[line:168] INFO current QQ num:760824328
Mon, 11 Apr 2016 21:42:44  QLiker.py[line:168] INFO current QQ num:348005813
Mon, 11 Apr 2016 21:42:44  QLiker.py[line:168] INFO current QQ num:497076834
Mon, 11 Apr 2016 21:42:54  QLiker.py[line:206] INFO set(['476867501', '757779904'])
Mon, 11 Apr 2016 21:42:54  QLiker.py[line:168] INFO current QQ num:760824328
Mon, 11 Apr 2016 21:42:54  QLiker.py[line:168] INFO current QQ num:348005813
Mon, 11 Apr 2016 21:42:54  QLiker.py[line:168] INFO current QQ num:497076834
Mon, 11 Apr 2016 21:43:04  QLiker.py[line:206] INFO set(['476867501', '757779904'])
Mon, 11 Apr 2016 21:43:11  QLiker.py[line:168] INFO current QQ num:760824328
Mon, 11 Apr 2016 21:43:11  QLiker.py[line:168] INFO current QQ num:348005813
Mon, 11 Apr 2016 21:43:11  QLiker.py[line:168] INFO current QQ num:497076834
Mon, 11 Apr 2016 21:43:21  QLiker.py[line:206] INFO set(['476867501', '757779904'])
Mon, 11 Apr 2016 21:43:22  QLiker.py[line:168] INFO current QQ num:760824328
Mon, 11 Apr 2016 21:43:22  QLiker.py[line:168] INFO current QQ num:348005813
Mon, 11 Apr 2016 21:43:22  QLiker.py[line:168] INFO current QQ num:497076834
Mon, 11 Apr 2016 21:43:32  QLiker.py[line:206] INFO set(['476867501', '757779904'])
Mon, 11 Apr 2016 21:43:32  QLiker.py[line:168] INFO current QQ num:760824328
Mon, 11 Apr 2016 21:43:32  QLiker.py[line:168] INFO current QQ num:348005813
Mon, 11 Apr 2016 21:43:32  QLiker.py[line:168] INFO current QQ num:497076834
Mon, 11 Apr 2016 21:43:42  QLiker.py[line:206] INFO set(['476867501', '757779904'])
Mon, 11 Apr 2016 21:43:43  QLiker.py[line:168] INFO current QQ num:760824328
Mon, 11 Apr 2016 21:43:43  QLiker.py[line:168] INFO current QQ num:348005813
Mon, 11 Apr 2016 21:43:43  QLiker.py[line:168] INFO current QQ num:497076834
Mon, 11 Apr 2016 21:43:53  QLiker.py[line:206] INFO set(['476867501', '757779904'])
Mon, 11 Apr 2016 21:43:54  QLiker.py[line:168] INFO current QQ num:760824328
Mon, 11 Apr 2016 21:43:54  QLiker.py[line:168] INFO current QQ num:348005813
Mon, 11 Apr 2016 21:43:54  QLiker.py[line:168] INFO current QQ num:497076834
Mon, 11 Apr 2016 21:44:04  QLiker.py[line:206] INFO set(['476867501', '757779904'])
Mon, 11 Apr 2016 21:44:04  QLiker.py[line:168] INFO current QQ num:760824328
Mon, 11 Apr 2016 21:44:04  QLiker.py[line:168] INFO current QQ num:348005813
Mon, 11 Apr 2016 21:44:04  QLiker.py[line:168] INFO current QQ num:497076834
Mon, 11 Apr 2016 21:44:14  QLiker.py[line:206] INFO set(['476867501', '757779904'])
Mon, 11 Apr 2016 21:44:15  QLiker.py[line:168] INFO current QQ num:760824328
Mon, 11 Apr 2016 21:44:15  QLiker.py[line:168] INFO current QQ num:348005813
Mon, 11 Apr 2016 21:44:15  QLiker.py[line:168] INFO current QQ num:497076834
Mon, 11 Apr 2016 21:44:25  QLiker.py[line:206] INFO set(['476867501', '757779904'])
Mon, 11 Apr 2016 21:44:35  QLiker.py[line:168] INFO current QQ num:760824328
Mon, 11 Apr 2016 21:44:35  QLiker.py[line:168] INFO current QQ num:348005813
Mon, 11 Apr 2016 21:44:35  QLiker.py[line:168] INFO current QQ num:497076834
Mon, 11 Apr 2016 21:44:45  QLiker.py[line:206] INFO set(['476867501', '757779904'])
Mon, 11 Apr 2016 21:44:46  QLiker.py[line:168] INFO current QQ num:760824328
Mon, 11 Apr 2016 21:44:46  QLiker.py[line:168] INFO current QQ num:348005813
Mon, 11 Apr 2016 21:44:46  QLiker.py[line:168] INFO current QQ num:497076834
Mon, 11 Apr 2016 21:44:56  QLiker.py[line:206] INFO set(['476867501', '757779904'])
Mon, 11 Apr 2016 21:44:56  QLiker.py[line:168] INFO current QQ num:760824328
Mon, 11 Apr 2016 21:44:56  QLiker.py[line:168] INFO current QQ num:348005813
Mon, 11 Apr 2016 21:44:56  QLiker.py[line:168] INFO current QQ num:497076834
Mon, 11 Apr 2016 21:45:06  QLiker.py[line:206] INFO set(['476867501', '757779904'])
Mon, 11 Apr 2016 21:45:07  QLiker.py[line:168] INFO current QQ num:760824328
Mon, 11 Apr 2016 21:45:07  QLiker.py[line:168] INFO current QQ num:348005813
Mon, 11 Apr 2016 21:45:07  QLiker.py[line:168] INFO current QQ num:497076834
Mon, 11 Apr 2016 21:45:17  QLiker.py[line:206] INFO set(['476867501', '757779904'])
Mon, 11 Apr 2016 21:45:17  QLiker.py[line:168] INFO current QQ num:760824328
Mon, 11 Apr 2016 21:45:17  QLiker.py[line:168] INFO current QQ num:348005813
Mon, 11 Apr 2016 21:45:17  QLiker.py[line:168] INFO current QQ num:497076834
Mon, 11 Apr 2016 21:45:27  QLiker.py[line:206] INFO set(['476867501', '757779904'])
Mon, 11 Apr 2016 21:45:28  QLiker.py[line:168] INFO current QQ num:760824328
Mon, 11 Apr 2016 21:45:28  QLiker.py[line:168] INFO current QQ num:348005813
Mon, 11 Apr 2016 21:45:28  QLiker.py[line:168] INFO current QQ num:497076834
Mon, 11 Apr 2016 21:45:38  QLiker.py[line:206] INFO set(['476867501', '757779904'])
Mon, 11 Apr 2016 21:45:39  QLiker.py[line:168] INFO current QQ num:760824328
Mon, 11 Apr 2016 21:45:39  QLiker.py[line:168] INFO current QQ num:348005813
Mon, 11 Apr 2016 21:45:49  QLiker.py[line:206] INFO set(['476867501', '757779904'])
Mon, 11 Apr 2016 21:45:49  QLiker.py[line:168] INFO current QQ num:760824328
Mon, 11 Apr 2016 21:45:49  QLiker.py[line:168] INFO current QQ num:348005813
Mon, 11 Apr 2016 21:45:59  QLiker.py[line:206] INFO set(['476867501', '757779904'])
Mon, 11 Apr 2016 21:46:00  QLiker.py[line:168] INFO current QQ num:760824328
Mon, 11 Apr 2016 21:46:00  QLiker.py[line:168] INFO current QQ num:348005813
Mon, 11 Apr 2016 21:46:10  QLiker.py[line:206] INFO set(['476867501', '757779904'])
Mon, 11 Apr 2016 21:46:10  QLiker.py[line:168] INFO current QQ num:760824328
Mon, 11 Apr 2016 21:46:10  QLiker.py[line:168] INFO current QQ num:348005813
Mon, 11 Apr 2016 21:46:20  QLiker.py[line:206] INFO set(['476867501', '757779904'])
Mon, 11 Apr 2016 21:46:21  QLiker.py[line:168] INFO current QQ num:760824328
Mon, 11 Apr 2016 21:46:21  QLiker.py[line:168] INFO current QQ num:348005813
Mon, 11 Apr 2016 21:46:31  QLiker.py[line:206] INFO set(['476867501', '757779904'])
Mon, 11 Apr 2016 21:46:32  QLiker.py[line:168] INFO current QQ num:760824328
Mon, 11 Apr 2016 21:46:32  QLiker.py[line:168] INFO current QQ num:348005813
Mon, 11 Apr 2016 21:46:42  QLiker.py[line:206] INFO set(['476867501', '757779904'])
Mon, 11 Apr 2016 21:46:42  QLiker.py[line:168] INFO current QQ num:760824328
Mon, 11 Apr 2016 21:46:42  QLiker.py[line:168] INFO current QQ num:348005813
Mon, 11 Apr 2016 21:46:52  QLiker.py[line:206] INFO set(['476867501', '757779904'])
Mon, 11 Apr 2016 21:46:52  QLiker.py[line:168] INFO current QQ num:760824328
Mon, 11 Apr 2016 21:46:52  QLiker.py[line:168] INFO current QQ num:348005813
Mon, 11 Apr 2016 21:47:02  QLiker.py[line:206] INFO set(['476867501', '757779904'])
Mon, 11 Apr 2016 21:47:03  QLiker.py[line:168] INFO current QQ num:760824328
Mon, 11 Apr 2016 21:47:03  QLiker.py[line:168] INFO current QQ num:348005813
